<?xml version="1.0" encoding="UTF-8"?>
<testsuite xmlns:xsi="http://www.w3.org/2001/XMLSchema-instance" xsi:noNamespaceSchemaLocation="https://maven.apache.org/surefire/maven-surefire-plugin/xsd/surefire-test-report-3.0.xsd" version="3.0" name="TestSuite" time="7.264" tests="1" errors="0" skipped="0" failures="0">
  <properties>
[...]
</properties>
  <testcase name="runScenario[&quot;User logs in and adds a task&quot;, &quot;Login Feature&quot;](1)" classname="runner.TestRunner" time="6.784">
    <system-out><![CDATA[
@LoginFeature @test
Scenario: User logs in and adds a task                # src/test/java/features/Login.feature:5
  Given the user is on the login page                 # stepdefinitions.LoginUserSteps.theUserIsOnTheLoginPage()
  When the user enters valid credentials              # stepdefinitions.LoginUserSteps.theUserEntersValidCredentials()
  And clicks the login button                         # stepdefinitions.LoginUserSteps.clicksTheLoginButton()
  Then the user should be redirected to the dashboard # stepdefinitions.LoginUserSteps.theUserShouldBeRedirectedToTheDashboard()
  When the user switches to Employee Mode             # stepdefinitions.LoginUserSteps.theUserSwitchesToEmployeeMode()
  And clicks on Add Task                              # stepdefinitions.LoginUserSteps.clicksOnAddTask()
✅ Task added successfully.
  Then the task should be added successfully          # stepdefinitions.LoginUserSteps.theTaskShouldBeAddedSuccessfully()
]]></system-out>
    <system-err><![CDATA[SLF4J(W): No SLF4J providers were found.
SLF4J(W): Defaulting to no-operation (NOP) logger implementation
SLF4J(W): See https://www.slf4j.org/codes.html#noProviders for further details.
Starting ChromeDriver 134.0.6998.165 (fd886e2cb29dd984c13deec032832dee68d8abe3-refs/branch-heads/6998@{#2122}) on port 11142
Only local connections are allowed.
Please see https://chromedriver.chromium.org/security-considerations for suggestions on keeping ChromeDriver safe.
ChromeDriver was started successfully on port 11142.
Apr 03, 2025 6:42:48 PM org.openqa.selenium.devtools.CdpVersionFinder findNearestMatch
WARNING: Unable to find CDP implementation matching 134
Apr 03, 2025 6:42:48 PM org.openqa.selenium.chromium.ChromiumDriver lambda$new$3
WARNING: Unable to find version of CDP to use for . You may need to include a dependency on a specific version of the CDP using something similar to `org.seleniumhq.selenium:selenium-devtools-v86:4.8.2` where the version ("v86") matches the version of the chromium-based browser you're using and the version number of the artifact is the same as Selenium's.
]]></system-err>
  </testcase>
</testsuite>