<?xml version="1.0" encoding="UTF-8"?>
<testng-results ignored="0" total="1" passed="1" failed="0" skipped="0">
  <reporter-output>
  </reporter-output>
  <suite started-at="2025-04-03T12:59:27 IST" name="Default suite" finished-at="2025-04-03T13:00:22 IST" duration-ms="55064">
    <groups>
    </groups>
    <test started-at="2025-04-03T12:59:27 IST" name="Default test" finished-at="2025-04-03T13:00:22 IST" duration-ms="55064">
      <class name="tests.LoginTest">
        <test-method is-config="true" signature="setup()[pri:0, instance:tests.LoginTest@795cd85e]" started-at="2025-04-03T12:59:27 IST" name="setup" finished-at="2025-04-03T12:59:36 IST" duration-ms="9140" status="PASS">
          <reporter-output>
          </reporter-output>
        </test-method> <!-- setup -->
        <test-method signature="verifyLoginAndAddTask()[pri:0, instance:tests.LoginTest@795cd85e]" started-at="2025-04-03T12:59:36 IST" name="verifyLoginAndAddTask" finished-at="2025-04-03T13:00:22 IST" duration-ms="45705" status="PASS">
          <reporter-output>
          </reporter-output>
        </test-method> <!-- verifyLoginAndAddTask -->
        <test-method is-config="true" signature="tearDown()[pri:0, instance:tests.LoginTest@795cd85e]" started-at="2025-04-03T13:00:22 IST" name="tearDown" finished-at="2025-04-03T13:00:22 IST" duration-ms="173" status="PASS">
          <reporter-output>
          </reporter-output>
        </test-method> <!-- tearDown -->
      </class> <!-- tests.LoginTest -->
    </test> <!-- Default test -->
  </suite> <!-- Default suite -->
</testng-results>
